<?xml version="1.0" encoding="UTF-8"?>
<!-- Generated by org.testng.reporters.JUnitXMLReporter -->
<testsuite hostname="muddi-PC" ignored="0" name="Login Test" tests="3" failures="0" timestamp="10 Mar 2017 02:17:59 GMT" time="0.118" errors="0">
  <testcase name="doLoginTest" time="0.003" classname="testcases.LogInTest"/>
  <testcase name="doLoginTest" time="0.001" classname="testcases.LogInTest"/>
  <testcase name="doLoginTest" time="0.003" classname="testcases.LogInTest"/>
</testsuite> <!-- Login Test -->
