<?xml version="1.0" encoding="UTF-8"?>
<!-- Generated by org.testng.reporters.JUnitXMLReporter -->
<testsuite hostname="muddi-PC" ignored="0" name="RegisterTest" tests="1" failures="1" timestamp="10 Mar 2017 02:17:59 GMT" time="0.038" errors="0">
  <testcase name="doRegisterTest" time="0.029" classname="testcases.RegisterTest">
    <failure type="java.lang.AssertionError" message="The following asserts failed:
	expected [EFG] but found [ABCD],
	expected [200] but found [12]">
      <![CDATA[java.lang.AssertionError: The following asserts failed:
	expected [EFG] but found [ABCD],
	expected [200] but found [12]
	at testcases.RegisterTest.doRegisterTest(RegisterTest.java:24)
... Removed 26 stack frames]]>
    </failure>
  </testcase> <!-- doRegisterTest -->
</testsuite> <!-- RegisterTest -->
