<?xml version="1.0" encoding="UTF-8"?>
<!-- Generated by org.testng.reporters.JUnitXMLReporter -->
<testsuite hostname="muddi-PC" ignored="0" name="first test" tests="3" failures="1" timestamp="15 Mar 2017 17:13:29 GMT" time="0.065" errors="0">
  <testcase name="doLogin" time="0.01" classname="testcases.ApplicationTest">
    <failure type="java.lang.AssertionError" message="The following asserts failed:
	Warning user">
      <![CDATA[java.lang.AssertionError: The following asserts failed:
	Warning user
	at testcases.ApplicationTest.doLogin(ApplicationTest.java:39)
... Removed 27 stack frames]]>
    </failure>
  </testcase> <!-- doLogin -->
  <testcase name="doPasswordChange" time="0.003" classname="testcases.ApplicationTest"/>
  <testcase name="doLogOut" time="0.002" classname="testcases.ApplicationTest"/>
</testsuite> <!-- first test -->
