<?xml version="1.0" encoding="UTF-8"?>
<!-- Generated by org.testng.reporters.JUnitXMLReporter -->
<testsuite hostname="muddi-PC" ignored="0" name="Second test" tests="3" failures="0" timestamp="15 Mar 2017 17:13:29 GMT" time="0.029" errors="0">
  <testcase name="doLoginTest" time="0.003" classname="testcases.LogInTest"/>
  <testcase name="doLoginTest" time="0.001" classname="testcases.LogInTest"/>
  <testcase name="doLoginTest" time="0.002" classname="testcases.LogInTest"/>
</testsuite> <!-- Second test -->
