<?xml version="1.0" encoding="UTF-8"?>
<!-- Generated by org.testng.reporters.JUnitXMLReporter -->
<testsuite hostname="muddi-PC" ignored="0" name="Third test" tests="3" failures="2" timestamp="15 Mar 2017 17:13:29 GMT" time="0.018" errors="0">
  <testcase name="doRegisterTest" time="0.004" classname="testcases.RegisterTest">
    <failure type="java.lang.AssertionError" message="The following asserts failed:
	expected [EFG] but found [ABCD],
	expected [200] but found [12]">
      <![CDATA[java.lang.AssertionError: The following asserts failed:
	expected [EFG] but found [ABCD],
	expected [200] but found [12]
	at testcases.RegisterTest.doRegisterTest(RegisterTest.java:25)
... Removed 27 stack frames]]>
    </failure>
  </testcase> <!-- doRegisterTest -->
  <testcase name="doFail" time="0.002" classname="testcases.RegisterTest">
    <failure type="java.lang.AssertionError" message="expected [false] but found [true]">
      <![CDATA[java.lang.AssertionError: expected [false] but found [true]
	at testcases.RegisterTest.doFail(RegisterTest.java:29)
... Removed 32 stack frames]]>
    </failure>
  </testcase> <!-- doFail -->
  <testcase name="doSkip" time="0.002" classname="testcases.RegisterTest">
    <skipped/>
  </testcase> <!-- doSkip -->
</testsuite> <!-- Third test -->
